  Main.cpp
D:\EGOR\study\source\repos\Study practice\Study practice\Cube_grid.h(34,29): warning C4267: аргумент: преобразование из "size_t" в "_Ty"; возможна потеря данных
          with
          [
              _Ty=int
          ]
D:\EGOR\study\source\repos\Study practice\Study practice\Cube_grid.h(35,33): warning C4267: аргумент: преобразование из "size_t" в "_Ty"; возможна потеря данных
          with
          [
              _Ty=int
          ]
D:\EGOR\study\source\repos\Study practice\Study practice\Cube_grid.h(36,29): warning C4267: аргумент: преобразование из "size_t" в "_Ty"; возможна потеря данных
          with
          [
              _Ty=int
          ]
D:\EGOR\study\source\repos\Study practice\Study practice\Cube_grid.h(37,29): warning C4267: аргумент: преобразование из "size_t" в "_Ty"; возможна потеря данных
          with
          [
              _Ty=int
          ]
D:\EGOR\study\source\repos\Study practice\Study practice\Cube_grid.h(38,33): warning C4267: аргумент: преобразование из "size_t" в "_Ty"; возможна потеря данных
          with
          [
              _Ty=int
          ]
D:\EGOR\study\source\repos\Study practice\Study practice\Cube_grid.h(39,29): warning C4267: аргумент: преобразование из "size_t" в "_Ty"; возможна потеря данных
          with
          [
              _Ty=int
          ]
D:\EGOR\study\source\repos\Study practice\Study practice\Cube_grid.h(45,33): warning C4267: аргумент: преобразование из "size_t" в "_Ty"; возможна потеря данных
          with
          [
              _Ty=int
          ]
D:\EGOR\study\source\repos\Study practice\Study practice\Cube_grid.h(46,29): warning C4267: аргумент: преобразование из "size_t" в "_Ty"; возможна потеря данных
          with
          [
              _Ty=int
          ]
D:\EGOR\study\source\repos\Study practice\Study practice\Cube_grid.h(47,33): warning C4267: аргумент: преобразование из "size_t" в "_Ty"; возможна потеря данных
          with
          [
              _Ty=int
          ]
D:\EGOR\study\source\repos\Study practice\Study practice\Cube_grid.h(48,29): warning C4267: аргумент: преобразование из "size_t" в "_Ty"; возможна потеря данных
          with
          [
              _Ty=int
          ]
D:\EGOR\study\source\repos\Study practice\Study practice\Cube_grid.h(54,29): warning C4267: аргумент: преобразование из "size_t" в "_Ty"; возможна потеря данных
          with
          [
              _Ty=int
          ]
D:\EGOR\study\source\repos\Study practice\Study practice\Cube_grid.h(55,29): warning C4267: аргумент: преобразование из "size_t" в "_Ty"; возможна потеря данных
          with
          [
              _Ty=int
          ]
D:\EGOR\study\source\repos\Study practice\Study practice\Cube_grid.h(56,29): warning C4267: аргумент: преобразование из "size_t" в "_Ty"; возможна потеря данных
          with
          [
              _Ty=int
          ]
D:\EGOR\study\source\repos\Study practice\Study practice\Cube_grid.h(57,29): warning C4267: аргумент: преобразование из "size_t" в "_Ty"; возможна потеря данных
          with
          [
              _Ty=int
          ]
D:\EGOR\study\source\repos\Study practice\Study practice\Cube_grid.h(63,29): warning C4267: аргумент: преобразование из "size_t" в "_Ty"; возможна потеря данных
          with
          [
              _Ty=int
          ]
D:\EGOR\study\source\repos\Study practice\Study practice\Cube_grid.h(64,29): warning C4267: аргумент: преобразование из "size_t" в "_Ty"; возможна потеря данных
          with
          [
              _Ty=int
          ]
D:\EGOR\study\source\repos\Study practice\Study practice\Cube_grid.h(75,30): warning C4267: аргумент: преобразование из "size_t" в "_Ty"; возможна потеря данных
          with
          [
              _Ty=int
          ]
D:\EGOR\study\source\repos\Study practice\Study practice\Cube_grid.h(76,34): warning C4267: аргумент: преобразование из "size_t" в "_Ty"; возможна потеря данных
          with
          [
              _Ty=int
          ]
D:\EGOR\study\source\repos\Study practice\Study practice\Cube_grid.h(77,30): warning C4267: аргумент: преобразование из "size_t" в "_Ty"; возможна потеря данных
          with
          [
              _Ty=int
          ]
D:\EGOR\study\source\repos\Study practice\Study practice\Cube_grid.h(78,34): warning C4267: аргумент: преобразование из "size_t" в "_Ty"; возможна потеря данных
          with
          [
              _Ty=int
          ]
D:\EGOR\study\source\repos\Study practice\Study practice\Cube_grid.h(84,34): warning C4267: аргумент: преобразование из "size_t" в "_Ty"; возможна потеря данных
          with
          [
              _Ty=int
          ]
D:\EGOR\study\source\repos\Study practice\Study practice\Cube_grid.h(85,34): warning C4267: аргумент: преобразование из "size_t" в "_Ty"; возможна потеря данных
          with
          [
              _Ty=int
          ]
D:\EGOR\study\source\repos\Study practice\Study practice\Cube_grid.h(92,29): warning C4267: аргумент: преобразование из "size_t" в "_Ty"; возможна потеря данных
          with
          [
              _Ty=int
          ]
D:\EGOR\study\source\repos\Study practice\Study practice\Cube_grid.h(93,29): warning C4267: аргумент: преобразование из "size_t" в "_Ty"; возможна потеря данных
          with
          [
              _Ty=int
          ]
D:\EGOR\study\source\repos\Study practice\Study practice\Cube_grid.h(106,57): warning C4267: аргумент: преобразование из "size_t" в "_Ty"; возможна потеря данных
          with
          [
              _Ty=int
          ]
D:\EGOR\study\source\repos\Study practice\Study practice\Cube_grid.h(246,14): warning C4244: аргумент: преобразование "time_t" в "unsigned int", возможна потеря данных
D:\EGOR\study\source\repos\Study practice\Study practice\Cube_grid.h(260,14): warning C4244: аргумент: преобразование "time_t" в "unsigned int", возможна потеря данных
D:\EGOR\study\source\repos\Study practice\Study practice\Cube_grid.h(245,29): warning C4101: e: неиспользованная локальная переменная
D:\EGOR\study\source\repos\Study practice\Study practice\Cube_grid.h(250,15): warning C4101: excep: неиспользованная локальная переменная
  Study practice.vcxproj -> D:\EGOR\study\source\repos\Study practice\x64\Debug\Study practice.exe
